# Change Log

## v0.6.1 - 2026-04-27
- feat(config): 统一配置文件管理
  - 创建 portfolio.toml：持仓配置文件（TOML 格式）
  - 创建 shared/portfolio_config.py：TOML → CSV 转换工具
  - 更新 .gitignore：忽略 portfolio.toml（私密数据）
  - 创建 portfolio.toml.example：持仓配置示例
  - 更新 quickstart.sh：添加 sync-portfolio 命令
  - 更新 requirements.txt：添加 tomli（Python <3.11）
  - 创建 docs/configuration-guide.md：配置文件使用指南
  - 更新 README.md：添加配置文件说明

## v0.6.0 - 2026-04-27
- feat(pattern-finder): 集成形态相似检索模块（模块5）
  - 重构为标准模块结构：pattern-finder → pattern_finder（Python 命名规范）
  - 合并 features/similarity/backtest → core/（统一核心逻辑）
  - 创建 pattern_finder/config.py：导入 shared.config，定义模块参数
  - 重构 data/loader.py：使用 shared.data_provider 替代 akshare/tushare 直接调用
  - 创建 pattern_finder/quickstart.sh：支持 build/query/scan/demo 命令
  - 使用共享缓存目录：/data/cache/pattern_finder/
  - 输出报告到统一目录：/output/
  - 更新 requirements.txt：添加 scikit-learn>=1.3.0，注释可选依赖（akshare/faiss-cpu/dtaidistance）
  - 创建 pattern_finder/README.md：完整模块文档（工作流程/配置/算法/输出解读/FAQ）
  - 更新主 README.md：添加模块5章节，更新系统架构图，调整快速开始命令

- feat(data-provider): 支持复权参数，默认前复权
  - shared.data_provider.get_stock_prices() 新增 adjust 参数（qfq/hfq/""）
  - 默认使用前复权（qfq），适用于量化回测、技术分析、收益计算
  - baostock: adjustflag="1"（前复权）/ "2"（后复权）/ "3"（不复权）
  - FutuOpenD: AuType.QFQ（前复权）/ HFQ（后复权）/ NONE（不复权）
  - 缓存文件名包含复权方式，避免混淆
  - pattern_finder/data/loader.py: 所有数据加载函数支持 adjust 参数
  - 保留 akshare/tushare 备用数据源，支持复权参数

## 2026-04-17
- 新增 Phase 2 路线图文档（docs/roadmap-phase2.md）：自动化 + 实时化规划，涵盖券商 API、自动调度、信息日报、事件提醒四大方向
- 更新 README.md：路线图章节增加 Phase 2 规划摘要及链接，项目结构补充 roadmap-phase2.md
